#
# A fatal error has been detected by the Java Runtime Environment:
#
#  EXCEPTION_ACCESS_VIOLATION (0xc0000005) at pc=0x00007ffbc2550fb5, pid=12588, tid=37380
#
# JRE version: Java(TM) SE Runtime Environment (14.0.1+7) (build 14.0.1+7)
# Java VM: Java HotSpot(TM) 64-Bit Server VM (14.0.1+7, mixed mode, sharing, tiered, compressed oops, g1 gc, windows-amd64)
# Problematic frame:
# V  [jvm.dll+0x5b0fb5]
#
# No core dump will be written. Minidumps are not enabled by default on client versions of Windows
#
# If you would like to submit a bug report, please visit:
#   https://bugreport.java.com/bugreport/crash.jsp
#

---------------  S U M M A R Y ------------

Command Line: -agentlib:jdwp=transport=dt_socket,suspend=y,address=localhost:50625 -Dcom.sun.management.jmxremote -Dcom.sun.management.jmxremote.port=50622 -Dcom.sun.management.jmxremote.authenticate=false -Dcom.sun.management.jmxremote.ssl=false -Djava.rmi.server.hostname=localhost -Dspring.jmx.enabled=true -Dspring.application.admin.enabled=true -Xverify:none -XX:TieredStopAtLevel=1 -Dspring.boot.project.name=GroupFormationTool -javaagent:C:\Coursework\AdvSDC\sts-4.6.1.RELEASE\configuration\org.eclipse.osgi\245\0\.cp\lib\javaagent-shaded.jar -Dfile.encoding=Cp1252 CSCI5308.GroupFormationTool.GroupFormationToolApplication --spring.output.ansi.enabled=always

Host: Intel(R) Core(TM) i5-8300H CPU @ 2.30GHz, 8 cores, 7G,  Windows 10 , 64 bit Build 18362 (10.0.18362.900)
Time: Mon Jul 13 13:29:51 2020 Atlantic Daylight Time elapsed time: 181822 seconds (2d 2h 30m 22s)

---------------  T H R E A D  ---------------

Current thread (0x00000209b6582000):  VMThread "VM Thread" [stack: 0x0000008675a00000,0x0000008675b00000] [id=37380]

Stack: [0x0000008675a00000,0x0000008675b00000],  sp=0x0000008675aff240,  free space=1020k
Native frames: (J=compiled Java code, j=interpreted, Vv=VM code, C=native code)
V  [jvm.dll+0x5b0fb5]
V  [jvm.dll+0x4bf122]
V  [jvm.dll+0x4be9ed]
V  [jvm.dll+0x74491b]
V  [jvm.dll+0x748947]
V  [jvm.dll+0x749118]
V  [jvm.dll+0x74940c]
V  [jvm.dll+0x6ff8ba]
V  [jvm.dll+0x5f72c6]
C  [ucrtbase.dll+0x20e82]
C  [KERNEL32.DLL+0x17bd4]
C  [ntdll.dll+0x6ce51]


siginfo: EXCEPTION_ACCESS_VIOLATION (0xc0000005), reading address 0xffffffffffffffff


Register to memory mapping:

RIP=0x00007ffbc2550fb5 jvm.dll
RAX=0x00ca0209b99c82b8 is an unknown value
RBX=0x00000209ba526500 points into unknown readable memory: 00 00 00 00 5e 00 00 00
RCX={method} {0x00000209b8f14980} 'computeformula' '(LCSCI5308/GroupFormationTool/ComputeSurvey/SurveyScale;Lorg/springframework/ui/Model;)Ljava/lang/String;' in 'CSCI5308/GroupFormationTool/ComputeSurvey/SurveyFormulaController'
RDX=0x00000209b6582000 points into unknown readable memory: 00 a8 86 c2 fb 7f 00 00
RSP=0x0000008675aff240 points into unknown readable memory: 00 65 52 ba 09 02 00 00
RBP=0x0000000800c87a58 is a pointer to class: 
CSCI5308.GroupFormationTool.ComputeSurvey.SurveyFormulaController {0x0000000800c87a60}
RSI=0x00000209b6582000 points into unknown readable memory: 00 a8 86 c2 fb 7f 00 00
RDI={method} {0x00000209b8f14980} 'computeformula' '(LCSCI5308/GroupFormationTool/ComputeSurvey/SurveyScale;Lorg/springframework/ui/Model;)Ljava/lang/String;' in 'CSCI5308/GroupFormationTool/ComputeSurvey/SurveyFormulaController'
R8 =0x00000000000000a0 is an unknown value
R9 =0x0000000000000040 is an unknown value
R10=0x0000000000000080 is an unknown value
R11=0x0000008675aff110 points into unknown readable memory: d8 03 00 00 00 00 00 00
R12=0x00000209b6569840 points into unknown readable memory: 43 53 43 49 35 33 30 38
R13=0x00000008010b0ba8 is a pointer to class: 
CSCI5308.GroupFormationTool.ComputeSurvey.SurveyFormulaController {0x00000008010b0bb0}
R14=0x00000209b6569830 points into unknown readable memory: 00 00 00 00 00 00 00 00
R15=0x00000000000003d8 is an unknown value


Registers:
RAX=0x00ca0209b99c82b8, RBX=0x00000209ba526500, RCX=0x00000209b8f14978, RDX=0x00000209b6582000
RSP=0x0000008675aff240, RBP=0x0000000800c87a58, RSI=0x00000209b6582000, RDI=0x00000209b8f14978
R8 =0x00000000000000a0, R9 =0x0000000000000040, R10=0x0000000000000080, R11=0x0000008675aff110
R12=0x00000209b6569840, R13=0x00000008010b0ba8, R14=0x00000209b6569830, R15=0x00000000000003d8
RIP=0x00007ffbc2550fb5, EFLAGS=0x0000000000010206

Top of Stack: (sp=0x0000008675aff240)
0x0000008675aff240:   00000209ba526500 00000209b6582000
0x0000008675aff250:   0000000000000030 00007ffbc258c63c
0x0000008675aff260:   00000209bb51c978 00000209b6582000
0x0000008675aff270:   00000209b6582000 00000209b644b260
0x0000008675aff280:   00000209b6583b90 00000209b6583ba0
0x0000008675aff290:   00000209b6583c78 00000000000000d8
0x0000008675aff2a0:   0000008675aff570 0000000000000030
0x0000008675aff2b0:   00000209b8f14978 00007ffbc245f122
0x0000008675aff2c0:   00000209bb51c978 00000209b6569c18
0x0000008675aff2d0:   00000209b644b1a0 0000008675aff370
0x0000008675aff2e0:   00000209b858f510 00000209b8689a20
0x0000008675aff2f0:   00000209b63fb8b8 00000209b6ff0900
0x0000008675aff300:   00000086ffffffff 00000000000003d8
0x0000008675aff310:   00000209b6569c18 00007ffbc27ac710
0x0000008675aff320:   00000209b6ff0900 00000086763ff400
0x0000008675aff330:   00000209b6569840 00007ffbc2a26210 

Instructions: (pc=0x00007ffbc2550fb5)
0x00007ffbc2550eb5:   b7 a5 ff 4c 8b c7 48 8d 54 24 20 48 8b cb e8 a8
0x00007ffbc2550ec5:   d5 ff ff 48 8d 4c 24 20 e8 de 26 d5 ff 48 8b 5c
0x00007ffbc2550ed5:   24 48 48 83 c4 30 5f c3 cc cc cc 48 89 5c 24 10
0x00007ffbc2550ee5:   48 89 6c 24 18 48 89 74 24 20 57 48 83 ec 70 48
0x00007ffbc2550ef5:   8b 41 08 48 8b f9 48 63 f2 4c 8b 40 08 49 8b 68
0x00007ffbc2550f05:   18 45 33 c0 41 8d 50 01 8d 4a 17 e8 5b 1b af ff
0x00007ffbc2550f15:   48 8b d8 48 85 c0 74 44 89 70 04 48 8b 47 08 0f
0x00007ffbc2550f25:   b7 48 2a 66 89 4b 08 48 8b 47 08 0f b7 48 2c 66
0x00007ffbc2550f35:   89 4b 0a 48 8b 47 08 0f b6 54 06 38 89 13 81 fa
0x00007ffbc2550f45:   ca 00 00 00 75 0c 8b d6 48 8b cf e8 ab e7 ff ff
0x00007ffbc2550f55:   89 03 48 c7 43 10 00 00 00 00 eb 02 33 db 48 8b
0x00007ffbc2550f65:   85 80 01 00 00 8b 0d 7c cf 4d 00 48 89 43 10 65
0x00007ffbc2550f75:   48 8b 04 25 58 00 00 00 48 89 9d 80 01 00 00 be
0x00007ffbc2550f85:   08 00 00 00 48 8b 04 c8 48 63 4b 04 48 8b 34 06
0x00007ffbc2550f95:   48 8b 47 08 48 8b d6 c6 44 01 38 ca 48 8b cf e8
0x00007ffbc2550fa5:   b7 c2 be ff 48 83 7e 08 00 75 09 48 85 c0 74 04
0x00007ffbc2550fb5:   66 ff 40 16 48 8b d6 48 8d 4c 24 30 e8 ca 26 d5
0x00007ffbc2550fc5:   ff 48 89 7c 24 20 48 8d 94 24 80 00 00 00 48 89
0x00007ffbc2550fd5:   74 24 28 48 8b 8e 88 02 00 00 48 89 bc 24 80 00
0x00007ffbc2550fe5:   00 00 e8 d4 b5 a5 ff 48 8d 4c 24 20 e8 da 25 c2
0x00007ffbc2550ff5:   ff 48 8d 4c 24 20 e8 b0 25 d5 ff 48 8d 4c 24 30
0x00007ffbc2551005:   e8 36 25 d5 ff 4c 8d 5c 24 70 49 8b 5b 18 49 8b
0x00007ffbc2551015:   6b 20 49 8b 73 28 49 8b e3 5f c3 48 89 5c 24 08
0x00007ffbc2551025:   48 89 74 24 10 57 48 83 ec 20 4c 8b 01 48 8b f2
0x00007ffbc2551035:   48 8b f9 49 8b 40 08 48 3b 05 0d 74 46 00 73 0d
0x00007ffbc2551045:   48 3b 05 fc 73 46 00 72 04 b1 01 eb 02 32 c9 48
0x00007ffbc2551055:   8b 40 18 84 c9 74 03 48 8b 00 48 85 c0 75 27 4c
0x00007ffbc2551065:   8d 0d 75 d0 2d 00 ba 07 05 00 00 4c 8d 05 91 d0
0x00007ffbc2551075:   2d 00 48 8d 0d b2 ce 2d 00 e8 2d c1 c5 ff e8 d8
0x00007ffbc2551085:   6e 04 00 4c 8b 07 49 89 70 40 48 8b ce 48 8b 06
0x00007ffbc2551095:   ff 90 c8 00 00 00 48 8b 0f 8b d8 48 8b 49 18 48
0x00007ffbc25510a5:   85 c9 74 07 e8 02 19 00 00 eb 02 33 c0 3b d8 7e 


Stack slot to memory mapping:
stack at sp + 0 slots: 0x00000209ba526500 points into unknown readable memory: 00 00 00 00 5e 00 00 00
stack at sp + 1 slots: 0x00000209b6582000 points into unknown readable memory: 00 a8 86 c2 fb 7f 00 00
stack at sp + 2 slots: 0x0000000000000030 is an unknown value
stack at sp + 3 slots: 0x00007ffbc258c63c jvm.dll
stack at sp + 4 slots: {method} {0x00000209bb51c980} 'computeformula' '(LCSCI5308/GroupFormationTool/ComputeSurvey/SurveyScale;Lorg/springframework/ui/Model;)Ljava/lang/String;' in 'CSCI5308/GroupFormationTool/ComputeSurvey/SurveyFormulaController'
stack at sp + 5 slots: 0x00000209b6582000 points into unknown readable memory: 00 a8 86 c2 fb 7f 00 00
stack at sp + 6 slots: 0x00000209b6582000 points into unknown readable memory: 00 a8 86 c2 fb 7f 00 00
stack at sp + 7 slots: 0x00000209b644b260 points into unknown readable memory: 02 00 00 00 00 00 00 00

VM_Operation (0x00000086763ff400): ChangeBreakpoints, mode: safepoint, requested by thread 0x00000209b6ff7000


---------------  P R O C E S S  ---------------

Threads class SMR info:
_java_thread_list=0x00000209ba594160, length=37, elements={
0x00000209b6587800, 0x00000209b6589000, 0x00000209b65a5800, 0x00000209b65a7800,
0x00000209b65b3800, 0x00000209b65bb000, 0x00000209b65b0000, 0x00000209b65b4000,
0x00000209b6ff7000, 0x00000209b6ff8800, 0x00000209b6ff9800, 0x00000209b65b5000,
0x00000209b65af800, 0x00000209b65b1000, 0x00000209b65b1800, 0x00000209b8d81000,
0x00000209b8d83000, 0x00000209b8d87800, 0x00000209ba534000, 0x00000209ba532000,
0x00000209b8d7e000, 0x00000209b8d7f800, 0x00000209b8d7d000, 0x00000209b8d80800,
0x00000209b8d83800, 0x00000209b8d84800, 0x00000209b8d7e800, 0x00000209b8d8a000,
0x00000209b8d85800, 0x00000209b8d8b000, 0x00000209b8d88800, 0x00000209b8d86000,
0x00000209b8d89800, 0x00000209b8d87000, 0x00000209ba531000, 0x00000209ba533800,
0x00000209ba52f800
}

Java Threads: ( => current thread )
  0x00000209b6587800 JavaThread "Reference Handler" daemon [_thread_blocked, id=24208, stack(0x0000008675b00000,0x0000008675c00000)]
  0x00000209b6589000 JavaThread "Finalizer" daemon [_thread_blocked, id=35756, stack(0x0000008675c00000,0x0000008675d00000)]
  0x00000209b65a5800 JavaThread "Signal Dispatcher" daemon [_thread_blocked, id=23256, stack(0x0000008675d00000,0x0000008675e00000)]
  0x00000209b65a7800 JavaThread "Attach Listener" daemon [_thread_blocked, id=11032, stack(0x0000008675e00000,0x0000008675f00000)]
  0x00000209b65b3800 JavaThread "Service Thread" daemon [_thread_blocked, id=39380, stack(0x0000008675f00000,0x0000008676000000)]
  0x00000209b65bb000 JavaThread "C1 CompilerThread0" daemon [_thread_blocked, id=35416, stack(0x0000008676000000,0x0000008676100000)]
  0x00000209b65b0000 JavaThread "Sweeper thread" daemon [_thread_blocked, id=10100, stack(0x0000008676100000,0x0000008676200000)]
  0x00000209b65b4000 JavaThread "Common-Cleaner" daemon [_thread_blocked, id=35672, stack(0x0000008676200000,0x0000008676300000)]
  0x00000209b6ff7000 JavaThread "JDWP Transport Listener: dt_socket" daemon [_thread_blocked, id=38740, stack(0x0000008676300000,0x0000008676400000)]
  0x00000209b6ff8800 JavaThread "JDWP Event Helper Thread" daemon [_thread_blocked, id=26508, stack(0x0000008676400000,0x0000008676500000)]
  0x00000209b6ff9800 JavaThread "JDWP Command Reader" daemon [_thread_in_native, id=24480, stack(0x0000008676500000,0x0000008676600000)]
  0x00000209b65b5000 JavaThread "Notification Thread" daemon [_thread_blocked, id=12884, stack(0x0000008676600000,0x0000008676700000)]
  0x00000209b65af800 JavaThread "RMI TCP Accept-0" daemon [_thread_in_native, id=37628, stack(0x0000008676700000,0x0000008676800000)]
  0x00000209b65b1000 JavaThread "RMI TCP Accept-50622" daemon [_thread_in_native, id=29164, stack(0x0000008676800000,0x0000008676900000)]
  0x00000209b65b1800 JavaThread "RMI TCP Accept-0" daemon [_thread_in_native, id=17104, stack(0x0000008676900000,0x0000008676a00000)]
  0x00000209b8d81000 JavaThread "RMI Scheduler(0)" daemon [_thread_blocked, id=27956, stack(0x0000008677a00000,0x0000008677b00000)]
  0x00000209b8d83000 JavaThread "Live Reload Server" daemon [_thread_in_native, id=22220, stack(0x0000008677e00000,0x0000008677f00000)]
  0x00000209b8d87800 JavaThread "http-nio-8080-exec-2" daemon [_thread_blocked, id=17672, stack(0x0000008678000000,0x0000008678100000)]
  0x00000209ba534000 JavaThread "DestroyJavaVM" [_thread_blocked, id=40936, stack(0x0000008675400000,0x0000008675500000)]
  0x00000209ba532000 JavaThread "mysql-cj-abandoned-connection-cleanup" daemon [_thread_blocked, id=3188, stack(0x0000008675100000,0x0000008675200000)]
  0x00000209b8d7e000 JavaThread "Catalina-utility-1" [_thread_blocked, id=17340, stack(0x0000008677700000,0x0000008677800000)]
  0x00000209b8d7f800 JavaThread "Catalina-utility-2" [_thread_blocked, id=840, stack(0x0000008677800000,0x0000008677900000)]
  0x00000209b8d7d000 JavaThread "container-0" [_thread_blocked, id=38008, stack(0x0000008677900000,0x0000008677a00000)]
  0x00000209b8d80800 JavaThread "File Watcher" daemon [_thread_blocked, id=592, stack(0x0000008677b00000,0x0000008677c00000)]
  0x00000209b8d83800 JavaThread "http-nio-8080-BlockPoller" daemon [_thread_blocked, id=6452, stack(0x0000008677c00000,0x0000008677d00000)]
  0x00000209b8d84800 JavaThread "http-nio-8080-exec-1" daemon [_thread_blocked, id=39260, stack(0x0000008677d00000,0x0000008677e00000)]
  0x00000209b8d7e800 JavaThread "http-nio-8080-exec-2" daemon [_thread_blocked, id=38368, stack(0x0000008677f00000,0x0000008678000000)]
  0x00000209b8d8a000 JavaThread "http-nio-8080-exec-3" daemon [_thread_blocked, id=19948, stack(0x0000008678100000,0x0000008678200000)]
  0x00000209b8d85800 JavaThread "http-nio-8080-exec-4" daemon [_thread_blocked, id=38464, stack(0x0000008678200000,0x0000008678300000)]
  0x00000209b8d8b000 JavaThread "http-nio-8080-exec-5" daemon [_thread_blocked, id=36072, stack(0x0000008678300000,0x0000008678400000)]
  0x00000209b8d88800 JavaThread "http-nio-8080-exec-6" daemon [_thread_blocked, id=34092, stack(0x0000008678400000,0x0000008678500000)]
  0x00000209b8d86000 JavaThread "http-nio-8080-exec-7" daemon [_thread_blocked, id=3064, stack(0x0000008678500000,0x0000008678600000)]
  0x00000209b8d89800 JavaThread "http-nio-8080-exec-8" daemon [_thread_blocked, id=40140, stack(0x0000008678600000,0x0000008678700000)]
  0x00000209b8d87000 JavaThread "http-nio-8080-exec-9" daemon [_thread_blocked, id=35016, stack(0x0000008678700000,0x0000008678800000)]
  0x00000209ba531000 JavaThread "http-nio-8080-exec-10" daemon [_thread_blocked, id=15764, stack(0x0000008678800000,0x0000008678900000)]
  0x00000209ba533800 JavaThread "http-nio-8080-ClientPoller" daemon [_thread_blocked, id=32192, stack(0x0000008678900000,0x0000008678a00000)]
  0x00000209ba52f800 JavaThread "http-nio-8080-Acceptor" daemon [_thread_in_native, id=29040, stack(0x0000008678a00000,0x0000008678b00000)]

Other Threads:
=>0x00000209b6582000 VMThread "VM Thread" [stack: 0x0000008675a00000,0x0000008675b00000] [id=37380]
  0x00000209b785b800 WatcherThread [stack: 0x0000008676a00000,0x0000008676b00000] [id=24584]
  0x00000209975a6000 GCTaskThread "GC Thread#0" [stack: 0x0000008675500000,0x0000008675600000] [id=19256]
  0x00000209b7d3e800 GCTaskThread "GC Thread#1" [stack: 0x0000008676b00000,0x0000008676c00000] [id=38916]
  0x00000209b7d3f000 GCTaskThread "GC Thread#2" [stack: 0x0000008676c00000,0x0000008676d00000] [id=34392]
  0x00000209b8015800 GCTaskThread "GC Thread#3" [stack: 0x0000008676f00000,0x0000008677000000] [id=34068]
  0x00000209b831f000 GCTaskThread "GC Thread#4" [stack: 0x0000008677200000,0x0000008677300000] [id=35872]
  0x00000209b8332800 GCTaskThread "GC Thread#5" [stack: 0x0000008677300000,0x0000008677400000] [id=29452]
  0x00000209b83c9800 GCTaskThread "GC Thread#6" [stack: 0x0000008677400000,0x0000008677500000] [id=30220]
  0x00000209b8386800 GCTaskThread "GC Thread#7" [stack: 0x0000008677500000,0x0000008677600000] [id=10504]
  0x00000209975b8800 ConcurrentGCThread "G1 Main Marker" [stack: 0x0000008675600000,0x0000008675700000] [id=16652]
  0x00000209975ba000 ConcurrentGCThread "G1 Conc#0" [stack: 0x0000008675700000,0x0000008675800000] [id=32312]
  0x00000209b8770000 ConcurrentGCThread "G1 Conc#1" [stack: 0x0000008677100000,0x0000008677200000] [id=21992]
  0x00000209b63f9800 ConcurrentGCThread "G1 Refine#0" [stack: 0x0000008675800000,0x0000008675900000] [id=22688]
  0x00000209b71b4000 ConcurrentGCThread "G1 Refine#1" [stack: 0x0000008676d00000,0x0000008676e00000] [id=24936]
  0x00000209b7655800 ConcurrentGCThread "G1 Refine#2" [stack: 0x0000008675200000,0x0000008675300000] [id=38068]
  0x00000209b8e89800 ConcurrentGCThread "G1 Refine#3" [stack: 0x0000008675300000,0x0000008675400000] [id=3044]
  0x00000209b63fa000 ConcurrentGCThread "G1 Young RemSet Sampling" [stack: 0x0000008675900000,0x0000008675a00000] [id=28980]

Threads with active compile tasks:

VM state:at safepoint (normal execution)

VM Mutex/Monitor currently owned by a thread:  ([mutex/lock_event])
[0x000002099755d210] Threads_lock - owner thread: 0x00000209b6582000

Heap address: 0x0000000081e00000, size: 2018 MB, Compressed Oops mode: 32-bit
Narrow klass base: 0x0000000800000000, Narrow klass shift: 3
Compressed class space size: 1073741824 Address: 0x0000000800b30000

Heap:
 garbage-first heap   total 47104K, used 24230K [0x0000000081e00000, 0x0000000100000000)
  region size 1024K, 8 young (8192K), 1 survivors (1024K)
 Metaspace       used 40177K, capacity 41432K, committed 41728K, reserved 1085440K
  class space    used 5324K, capacity 5804K, committed 5888K, reserved 1048576K
Heap Regions: E=young(eden), S=young(survivor), O=old, HS=humongous(starts), HC=humongous(continues), CS=collection set, F=free, OA=open archive, CA=closed archive, TAMS=top-at-mark-start (previous, next)
|   0|0x0000000081e00000, 0x0000000081eff910, 0x0000000081f00000| 99%| O|  |TAMS 0x0000000081eff910, 0x0000000081e00000| Untracked 
|   1|0x0000000081f00000, 0x0000000081ffffe8, 0x0000000082000000| 99%| O|  |TAMS 0x0000000081ffffe8, 0x0000000081f00000| Untracked 
|   2|0x0000000082000000, 0x00000000820ffff8, 0x0000000082100000| 99%| O|  |TAMS 0x00000000820ffff8, 0x0000000082000000| Untracked 
|   3|0x0000000082100000, 0x00000000821fdab8, 0x0000000082200000| 99%| O|  |TAMS 0x00000000821fdab8, 0x0000000082100000| Untracked 
|   4|0x0000000082200000, 0x0000000082300000, 0x0000000082300000|100%| O|  |TAMS 0x0000000082300000, 0x0000000082200000| Untracked 
|   5|0x0000000082300000, 0x0000000082400000, 0x0000000082400000|100%| O|  |TAMS 0x0000000082400000, 0x0000000082300000| Untracked 
|   6|0x0000000082400000, 0x0000000082500000, 0x0000000082500000|100%| O|  |TAMS 0x0000000082500000, 0x0000000082400000| Untracked 
|   7|0x0000000082500000, 0x00000000825ffff0, 0x0000000082600000| 99%| O|  |TAMS 0x00000000825ffff0, 0x0000000082500000| Untracked 
|   8|0x0000000082600000, 0x0000000082700000, 0x0000000082700000|100%| O|  |TAMS 0x0000000082700000, 0x0000000082600000| Untracked 
|   9|0x0000000082700000, 0x00000000827ffff0, 0x0000000082800000| 99%| O|  |TAMS 0x00000000827ffff0, 0x0000000082700000| Untracked 
|  10|0x0000000082800000, 0x00000000828fcce8, 0x0000000082900000| 98%| O|  |TAMS 0x00000000828fcce8, 0x0000000082800000| Untracked 
|  11|0x0000000082900000, 0x0000000082900000, 0x0000000082a00000|  0%| F|  |TAMS 0x0000000082900000, 0x0000000082900000| Untracked 
|  12|0x0000000082a00000, 0x0000000082b00000, 0x0000000082b00000|100%| O|  |TAMS 0x0000000082a00000, 0x0000000082a00000| Untracked 
|  13|0x0000000082b00000, 0x0000000082bffff0, 0x0000000082c00000| 99%| O|  |TAMS 0x0000000082bffff0, 0x0000000082b00000| Untracked 
|  14|0x0000000082c00000, 0x0000000082cff880, 0x0000000082d00000| 99%| O|  |TAMS 0x0000000082cff880, 0x0000000082c00000| Untracked 
|  15|0x0000000082d00000, 0x0000000082dff8d0, 0x0000000082e00000| 99%| O|  |TAMS 0x0000000082dff8d0, 0x0000000082d00000| Untracked 
|  16|0x0000000082e00000, 0x0000000082f00000, 0x0000000082f00000|100%| O|  |TAMS 0x0000000082e00000, 0x0000000082e00000| Untracked 
|  17|0x0000000082f00000, 0x0000000082f00000, 0x0000000083000000|  0%| F|  |TAMS 0x0000000082f00000, 0x0000000082f00000| Untracked 
|  18|0x0000000083000000, 0x0000000083000000, 0x0000000083100000|  0%| F|  |TAMS 0x0000000083000000, 0x0000000083000000| Untracked 
|  19|0x0000000083100000, 0x0000000083100000, 0x0000000083200000|  0%| F|  |TAMS 0x0000000083100000, 0x0000000083100000| Untracked 
|  20|0x0000000083200000, 0x00000000832a7a00, 0x0000000083300000| 65%| O|  |TAMS 0x0000000083200000, 0x0000000083200000| Untracked 
|  21|0x0000000083300000, 0x0000000083300000, 0x0000000083400000|  0%| F|  |TAMS 0x0000000083300000, 0x0000000083300000| Untracked 
|  22|0x0000000083400000, 0x0000000083400000, 0x0000000083500000|  0%| F|  |TAMS 0x0000000083400000, 0x0000000083400000| Untracked 
|  23|0x0000000083500000, 0x0000000083500000, 0x0000000083600000|  0%| F|  |TAMS 0x0000000083500000, 0x0000000083500000| Untracked 
|  24|0x0000000083600000, 0x0000000083700000, 0x0000000083700000|100%| O|  |TAMS 0x00000000836e6400, 0x0000000083600000| Untracked 
|  25|0x0000000083700000, 0x0000000083700000, 0x0000000083800000|  0%| F|  |TAMS 0x0000000083700000, 0x0000000083700000| Untracked 
|  26|0x0000000083800000, 0x0000000083800000, 0x0000000083900000|  0%| F|  |TAMS 0x0000000083800000, 0x0000000083800000| Untracked 
|  27|0x0000000083900000, 0x0000000083900000, 0x0000000083a00000|  0%| F|  |TAMS 0x0000000083900000, 0x0000000083900000| Untracked 
|  28|0x0000000083a00000, 0x0000000083a00000, 0x0000000083b00000|  0%| F|  |TAMS 0x0000000083a00000, 0x0000000083a00000| Untracked 
|  29|0x0000000083b00000, 0x0000000083b00000, 0x0000000083c00000|  0%| F|  |TAMS 0x0000000083b00000, 0x0000000083b00000| Untracked 
|  30|0x0000000083c00000, 0x0000000083c00000, 0x0000000083d00000|  0%| F|  |TAMS 0x0000000083c00000, 0x0000000083c00000| Untracked 
|  31|0x0000000083d00000, 0x0000000083d00000, 0x0000000083e00000|  0%| F|  |TAMS 0x0000000083d00000, 0x0000000083d00000| Untracked 
|  32|0x0000000083e00000, 0x0000000083e00000, 0x0000000083f00000|  0%| F|  |TAMS 0x0000000083e00000, 0x0000000083e00000| Untracked 
|  33|0x0000000083f00000, 0x0000000083f00000, 0x0000000084000000|  0%| F|  |TAMS 0x0000000083f00000, 0x0000000083f00000| Untracked 
|  34|0x0000000084000000, 0x0000000084000000, 0x0000000084100000|  0%| F|  |TAMS 0x0000000084000000, 0x0000000084000000| Untracked 
|  35|0x0000000084100000, 0x0000000084100000, 0x0000000084200000|  0%| F|  |TAMS 0x0000000084100000, 0x0000000084100000| Untracked 
|  36|0x0000000084200000, 0x0000000084200000, 0x0000000084300000|  0%| F|  |TAMS 0x0000000084200000, 0x0000000084200000| Untracked 
|  37|0x0000000084300000, 0x0000000084300000, 0x0000000084400000|  0%| F|  |TAMS 0x0000000084300000, 0x0000000084300000| Untracked 
|  38|0x0000000084400000, 0x000000008448da50, 0x0000000084500000| 55%| E|  |TAMS 0x0000000084400000, 0x0000000084400000| Complete 
|  39|0x0000000084500000, 0x0000000084600000, 0x0000000084600000|100%| E|CS|TAMS 0x0000000084500000, 0x0000000084500000| Complete 
| 121|0x0000000089700000, 0x0000000089800000, 0x0000000089800000|100%| E|CS|TAMS 0x0000000089700000, 0x0000000089700000| Complete 
| 122|0x0000000089800000, 0x0000000089900000, 0x0000000089900000|100%| E|CS|TAMS 0x0000000089800000, 0x0000000089800000| Complete 
| 123|0x0000000089900000, 0x0000000089a00000, 0x0000000089a00000|100%| E|CS|TAMS 0x0000000089900000, 0x0000000089900000| Complete 
| 124|0x0000000089a00000, 0x0000000089b00000, 0x0000000089b00000|100%| E|CS|TAMS 0x0000000089a00000, 0x0000000089a00000| Complete 
| 125|0x0000000089b00000, 0x0000000089b08d20, 0x0000000089c00000|  3%| S|CS|TAMS 0x0000000089b00000, 0x0000000089b00000| Complete 
| 127|0x0000000089d00000, 0x0000000089e00000, 0x0000000089e00000|100%| E|CS|TAMS 0x0000000089d00000, 0x0000000089d00000| Complete 

Card table byte_map: [0x00000209af420000,0x00000209af820000] _byte_map_base: 0x00000209af011000

Marking Bits (Prev, Next): (CMBitMap*) 0x00000209975a69b8, (CMBitMap*) 0x00000209975a6978
 Prev Bits: [0x00000209b1bb0000, 0x00000209b3b38000)
 Next Bits: [0x00000209afc20000, 0x00000209b1ba8000)

Polling page: 0x0000020996d20000

Metaspace:

Usage:
  Non-class:     34.79 MB capacity,    34.04 MB ( 98%) used,   638.96 KB (  2%) free+waste,   136.31 KB ( <1%) overhead. 
      Class:      5.67 MB capacity,     5.20 MB ( 92%) used,   413.13 KB (  7%) free+waste,    65.94 KB (  1%) overhead. 
       Both:     40.46 MB capacity,    39.24 MB ( 97%) used,     1.03 MB (  3%) free+waste,   202.25 KB ( <1%) overhead. 

Virtual space:
  Non-class space:       36.00 MB reserved,      35.00 MB ( 97%) committed 
      Class space:        1.00 GB reserved,       5.75 MB ( <1%) committed 
             Both:        1.04 GB reserved,      40.75 MB (  4%) committed 

Chunk freelists:
   Non-Class:  212.00 KB
       Class:  52.00 KB
        Both:  264.00 KB

MaxMetaspaceSize: 17179869184.00 GB
CompressedClassSpaceSize: 1.00 GB

CodeHeap 'non-profiled nmethods': size=238336Kb used=10992Kb max_used=10992Kb free=227343Kb
 bounds [0x00000209a0430000, 0x00000209a0ef0000, 0x00000209aecf0000]
CodeHeap 'non-nmethods': size=7424Kb used=1379Kb max_used=1379Kb free=6044Kb
 bounds [0x000002099fcf0000, 0x000002099ff60000, 0x00000209a0430000]
 total_blobs=6993 nmethods=6137 adapters=510
 compilation: enabled
              stopped_count=0, restarted_count=0
 full_count=0

Compilation events (20 events):
Event: 173342.562 Thread 0x00000209b65bb000 6128       1       org.springframework.util.ClassUtils::getAllInterfacesForClassAsSet (6 bytes)
Event: 173342.562 Thread 0x00000209b65bb000 nmethod 6128 0x00000209a0ee9e10 code [0x00000209a0ee9fa0, 0x00000209a0eea068]
Event: 173342.564 Thread 0x00000209b65bb000 6129   !   1       com.sun.proxy.$Proxy11::annotationType (29 bytes)
Event: 173342.564 Thread 0x00000209b65bb000 nmethod 6129 0x00000209a0eea110 code [0x00000209a0eea2e0, 0x00000209a0eea518]
Event: 173342.567 Thread 0x00000209b65bb000 6130       1       java.net.InetSocketAddress$InetSocketAddressHolder::getAddress (5 bytes)
Event: 173342.567 Thread 0x00000209b65bb000 nmethod 6130 0x00000209a0eea690 code [0x00000209a0eea820, 0x00000209a0eea8f8]
Event: 173342.568 Thread 0x00000209b65bb000 6131       1       java.lang.Thread::checkAccess (14 bytes)
Event: 173342.569 Thread 0x00000209b65bb000 nmethod 6131 0x00000209a0eea990 code [0x00000209a0eeab20, 0x00000209a0eeac48]
Event: 173342.569 Thread 0x00000209b65bb000 6132       1       java.lang.ThreadGroup::getMaxPriority (5 bytes)
Event: 173342.569 Thread 0x00000209b65bb000 nmethod 6132 0x00000209a0eead10 code [0x00000209a0eeaea0, 0x00000209a0eeaf78]
Event: 173342.570 Thread 0x00000209b65bb000 6133       1       java.net.InetSocketAddress$InetSocketAddressHolder::getPort (5 bytes)
Event: 173342.570 Thread 0x00000209b65bb000 nmethod 6133 0x00000209a0eeb010 code [0x00000209a0eeb1a0, 0x00000209a0eeb278]
Event: 173342.571 Thread 0x00000209b65bb000 6134       1       org.springframework.boot.autoconfigure.condition.ConditionEvaluationReport$$Lambda$712/0x0000000800fa5040::accept (20 bytes)
Event: 173342.571 Thread 0x00000209b65bb000 nmethod 6134 0x00000209a0eeb310 code [0x00000209a0eeb4c0, 0x00000209a0eeb668]
Event: 173342.571 Thread 0x00000209b65bb000 6135       1       org.springframework.boot.autoconfigure.condition.ConditionEvaluationReport::lambda$getDelta$3 (44 bytes)
Event: 173342.571 Thread 0x00000209b65bb000 nmethod 6135 0x00000209a0eeb790 code [0x00000209a0eeb960, 0x00000209a0eebb68]
Event: 173342.571 Thread 0x00000209b65bb000 6136       1       java.util.concurrent.atomic.AtomicBoolean::set (14 bytes)
Event: 173342.572 Thread 0x00000209b65bb000 nmethod 6136 0x00000209a0eebd90 code [0x00000209a0eebf20, 0x00000209a0eec018]
Event: 174002.427 Thread 0x00000209b65bb000 6137       1       java.util.concurrent.FutureTask::isDone (13 bytes)
Event: 174002.428 Thread 0x00000209b65bb000 nmethod 6137 0x00000209a0eec090 code [0x00000209a0eec220, 0x00000209a0eec318]

GC Heap History (20 events):
Event: 174053.430 GC heap before
{Heap before GC invocations=79 (full 2):
 garbage-first heap   total 47104K, used 38789K [0x0000000081e00000, 0x0000000100000000)
  region size 1024K, 19 young (19456K), 1 survivors (1024K)
 Metaspace       used 40190K, capacity 41410K, committed 41728K, reserved 1085440K
  class space    used 5328K, capacity 5813K, committed 5888K, reserved 1048576K
}
Event: 174053.431 GC heap after
{Heap after GC invocations=80 (full 2):
 garbage-first heap   total 47104K, used 20379K [0x0000000081e00000, 0x0000000100000000)
  region size 1024K, 1 young (1024K), 1 survivors (1024K)
 Metaspace       used 40190K, capacity 41410K, committed 41728K, reserved 1085440K
  class space    used 5328K, capacity 5813K, committed 5888K, reserved 1048576K
}
Event: 174205.711 GC heap before
{Heap before GC invocations=80 (full 2):
 garbage-first heap   total 47104K, used 38811K [0x0000000081e00000, 0x0000000100000000)
  region size 1024K, 19 young (19456K), 1 survivors (1024K)
 Metaspace       used 40190K, capacity 41410K, committed 41728K, reserved 1085440K
  class space    used 5328K, capacity 5813K, committed 5888K, reserved 1048576K
}
Event: 174205.714 GC heap after
{Heap after GC invocations=81 (full 2):
 garbage-first heap   total 47104K, used 20365K [0x0000000081e00000, 0x0000000100000000)
  region size 1024K, 1 young (1024K), 1 survivors (1024K)
 Metaspace       used 40190K, capacity 41410K, committed 41728K, reserved 1085440K
  class space    used 5328K, capacity 5813K, committed 5888K, reserved 1048576K
}
Event: 174368.838 GC heap before
{Heap before GC invocations=82 (full 2):
 garbage-first heap   total 47104K, used 39821K [0x0000000081e00000, 0x0000000100000000)
  region size 1024K, 20 young (20480K), 1 survivors (1024K)
 Metaspace       used 40190K, capacity 41410K, committed 41728K, reserved 1085440K
  class space    used 5328K, capacity 5813K, committed 5888K, reserved 1048576K
}
Event: 174368.839 GC heap after
{Heap after GC invocations=83 (full 2):
 garbage-first heap   total 47104K, used 20389K [0x0000000081e00000, 0x0000000100000000)
  region size 1024K, 1 young (1024K), 1 survivors (1024K)
 Metaspace       used 40190K, capacity 41410K, committed 41728K, reserved 1085440K
  class space    used 5328K, capacity 5813K, committed 5888K, reserved 1048576K
}
Event: 174532.357 GC heap before
{Heap before GC invocations=83 (full 2):
 garbage-first heap   total 47104K, used 39845K [0x0000000081e00000, 0x0000000100000000)
  region size 1024K, 20 young (20480K), 1 survivors (1024K)
 Metaspace       used 40190K, capacity 41410K, committed 41728K, reserved 1085440K
  class space    used 5328K, capacity 5813K, committed 5888K, reserved 1048576K
}
Event: 174532.360 GC heap after
{Heap after GC invocations=84 (full 2):
 garbage-first heap   total 47104K, used 20387K [0x0000000081e00000, 0x0000000100000000)
  region size 1024K, 1 young (1024K), 1 survivors (1024K)
 Metaspace       used 40190K, capacity 41410K, committed 41728K, reserved 1085440K
  class space    used 5328K, capacity 5813K, committed 5888K, reserved 1048576K
}
Event: 174692.544 GC heap before
{Heap before GC invocations=85 (full 2):
 garbage-first heap   total 47104K, used 39843K [0x0000000081e00000, 0x0000000100000000)
  region size 1024K, 20 young (20480K), 1 survivors (1024K)
 Metaspace       used 40190K, capacity 41410K, committed 41728K, reserved 1085440K
  class space    used 5328K, capacity 5813K, committed 5888K, reserved 1048576K
}
Event: 174692.545 GC heap after
{Heap after GC invocations=86 (full 2):
 garbage-first heap   total 47104K, used 20357K [0x0000000081e00000, 0x0000000100000000)
  region size 1024K, 1 young (1024K), 1 survivors (1024K)
 Metaspace       used 40190K, capacity 41410K, committed 41728K, reserved 1085440K
  class space    used 5328K, capacity 5813K, committed 5888K, reserved 1048576K
}
Event: 174852.438 GC heap before
{Heap before GC invocations=86 (full 2):
 garbage-first heap   total 47104K, used 39813K [0x0000000081e00000, 0x0000000100000000)
  region size 1024K, 20 young (20480K), 1 survivors (1024K)
 Metaspace       used 40190K, capacity 41410K, committed 41728K, reserved 1085440K
  class space    used 5328K, capacity 5813K, committed 5888K, reserved 1048576K
}
Event: 174852.441 GC heap after
{Heap after GC invocations=87 (full 2):
 garbage-first heap   total 47104K, used 20357K [0x0000000081e00000, 0x0000000100000000)
  region size 1024K, 1 young (1024K), 1 survivors (1024K)
 Metaspace       used 40190K, capacity 41410K, committed 41728K, reserved 1085440K
  class space    used 5328K, capacity 5813K, committed 5888K, reserved 1048576K
}
Event: 181438.560 GC heap before
{Heap before GC invocations=88 (full 2):
 garbage-first heap   total 47104K, used 39813K [0x0000000081e00000, 0x0000000100000000)
  region size 1024K, 20 young (20480K), 1 survivors (1024K)
 Metaspace       used 40190K, capacity 41410K, committed 41728K, reserved 1085440K
  class space    used 5328K, capacity 5813K, committed 5888K, reserved 1048576K
}
Event: 181438.561 GC heap after
{Heap after GC invocations=89 (full 2):
 garbage-first heap   total 47104K, used 20383K [0x0000000081e00000, 0x0000000100000000)
  region size 1024K, 1 young (1024K), 1 survivors (1024K)
 Metaspace       used 40190K, capacity 41410K, committed 41728K, reserved 1085440K
  class space    used 5328K, capacity 5813K, committed 5888K, reserved 1048576K
}
Event: 181598.792 GC heap before
{Heap before GC invocations=89 (full 2):
 garbage-first heap   total 47104K, used 39839K [0x0000000081e00000, 0x0000000100000000)
  region size 1024K, 20 young (20480K), 1 survivors (1024K)
 Metaspace       used 40190K, capacity 41410K, committed 41728K, reserved 1085440K
  class space    used 5328K, capacity 5813K, committed 5888K, reserved 1048576K
}
Event: 181598.795 GC heap after
{Heap after GC invocations=90 (full 2):
 garbage-first heap   total 47104K, used 20361K [0x0000000081e00000, 0x0000000100000000)
  region size 1024K, 1 young (1024K), 1 survivors (1024K)
 Metaspace       used 40190K, capacity 41410K, committed 41728K, reserved 1085440K
  class space    used 5328K, capacity 5813K, committed 5888K, reserved 1048576K
}
Event: 181760.499 GC heap before
{Heap before GC invocations=91 (full 2):
 garbage-first heap   total 47104K, used 39817K [0x0000000081e00000, 0x0000000100000000)
  region size 1024K, 20 young (20480K), 1 survivors (1024K)
 Metaspace       used 40163K, capacity 41368K, committed 41728K, reserved 1085440K
  class space    used 5323K, capacity 5804K, committed 5888K, reserved 1048576K
}
Event: 181760.502 GC heap after
{Heap after GC invocations=92 (full 2):
 garbage-first heap   total 47104K, used 20355K [0x0000000081e00000, 0x0000000100000000)
  region size 1024K, 1 young (1024K), 1 survivors (1024K)
 Metaspace       used 40163K, capacity 41368K, committed 41728K, reserved 1085440K
  class space    used 5323K, capacity 5804K, committed 5888K, reserved 1048576K
}
Event: 181768.545 GC heap before
{Heap before GC invocations=92 (full 2):
 garbage-first heap   total 47104K, used 21379K [0x0000000081e00000, 0x0000000100000000)
  region size 1024K, 2 young (2048K), 1 survivors (1024K)
 Metaspace       used 40163K, capacity 41368K, committed 41728K, reserved 1085440K
  class space    used 5323K, capacity 5804K, committed 5888K, reserved 1048576K
}
Event: 181768.554 GC heap after
{Heap after GC invocations=93 (full 2):
 garbage-first heap   total 47104K, used 18086K [0x0000000081e00000, 0x0000000100000000)
  region size 1024K, 1 young (1024K), 1 survivors (1024K)
 Metaspace       used 40163K, capacity 41368K, committed 41728K, reserved 1085440K
  class space    used 5323K, capacity 5804K, committed 5888K, reserved 1048576K
}

Deoptimization events (20 events):
Event: 173342.560 Thread 0x00000209b8d7c800 DEOPT PACKING pc=0x00000209a0dd704c sp=0x00000086776fd930
Event: 173342.560 Thread 0x00000209b8d7c800 DEOPT UNPACKING pc=0x000002099fd3964e sp=0x00000086776fcd90 mode 1
Event: 173342.560 Thread 0x00000209b8d7c800 DEOPT PACKING pc=0x00000209a08d1234 sp=0x00000086776fd840
Event: 173342.560 Thread 0x00000209b8d7c800 DEOPT UNPACKING pc=0x000002099fd3964e sp=0x00000086776fcdb8 mode 1
Event: 173342.560 Thread 0x00000209b8d7c800 DEOPT PACKING pc=0x00000209a08d1234 sp=0x00000086776fd840
Event: 173342.560 Thread 0x00000209b8d7c800 DEOPT UNPACKING pc=0x000002099fd3964e sp=0x00000086776fcdb8 mode 1
Event: 173342.560 Thread 0x00000209b8d7c800 DEOPT PACKING pc=0x00000209a08d1234 sp=0x00000086776fdda0
Event: 173342.560 Thread 0x00000209b8d7c800 DEOPT UNPACKING pc=0x000002099fd3964e sp=0x00000086776fd300 mode 1
Event: 173342.560 Thread 0x00000209b8d7c800 DEOPT PACKING pc=0x00000209a0999b4c sp=0x00000086776fdec0
Event: 173342.560 Thread 0x00000209b8d7c800 DEOPT UNPACKING pc=0x000002099fd3964e sp=0x00000086776fd380 mode 1
Event: 173342.560 Thread 0x00000209b8d7c800 DEOPT PACKING pc=0x00000209a08d1234 sp=0x00000086776fdda0
Event: 173342.560 Thread 0x00000209b8d7c800 DEOPT UNPACKING pc=0x000002099fd3964e sp=0x00000086776fd300 mode 1
Event: 173342.560 Thread 0x00000209b8d7c800 DEOPT PACKING pc=0x00000209a0999b4c sp=0x00000086776fdec0
Event: 173342.560 Thread 0x00000209b8d7c800 DEOPT UNPACKING pc=0x000002099fd3964e sp=0x00000086776fd380 mode 1
Event: 173342.566 Thread 0x00000209b8d7c800 DEOPT PACKING pc=0x00000209a0a647bc sp=0x00000086776fe180
Event: 173342.566 Thread 0x00000209b8d7c800 DEOPT UNPACKING pc=0x000002099fd3964e sp=0x00000086776fd6e8 mode 1
Event: 173342.567 Thread 0x00000209b8d7c800 DEOPT PACKING pc=0x00000209a0a647bc sp=0x00000086776fe110
Event: 173342.567 Thread 0x00000209b8d7c800 DEOPT UNPACKING pc=0x000002099fd3964e sp=0x00000086776fd678 mode 1
Event: 173342.567 Thread 0x00000209b8d7c800 DEOPT PACKING pc=0x00000209a0a647bc sp=0x00000086776fe0a0
Event: 173342.567 Thread 0x00000209b8d7c800 DEOPT UNPACKING pc=0x000002099fd3964e sp=0x00000086776fd608 mode 1

Classes unloaded (20 events):
Event: 173487.849 Thread 0x00000209b6582000 Unloading class 0x0000000800bdfc40 'jdk/internal/reflect/GeneratedMethodAccessor58'
Event: 173487.849 Thread 0x00000209b6582000 Unloading class 0x0000000800bfd840 'jdk/internal/reflect/GeneratedMethodAccessor56'
Event: 173487.849 Thread 0x00000209b6582000 Unloading class 0x0000000800d17440 'jdk/internal/reflect/GeneratedMethodAccessor55'
Event: 173487.849 Thread 0x00000209b6582000 Unloading class 0x0000000800dd6040 'jdk/internal/reflect/GeneratedMethodAccessor54'
Event: 173487.849 Thread 0x00000209b6582000 Unloading class 0x0000000800e0f840 'jdk/internal/reflect/GeneratedMethodAccessor53'
Event: 173487.849 Thread 0x00000209b6582000 Unloading class 0x0000000800e0ec40 'jdk/internal/reflect/GeneratedMethodAccessor52'
Event: 173487.849 Thread 0x00000209b6582000 Unloading class 0x0000000800f1b840 'jdk/internal/reflect/GeneratedMethodAccessor50'
Event: 173487.849 Thread 0x00000209b6582000 Unloading class 0x0000000800b9a440 'jdk/internal/reflect/GeneratedMethodAccessor49'
Event: 173487.849 Thread 0x00000209b6582000 Unloading class 0x0000000800b9bc40 'jdk/internal/reflect/GeneratedMethodAccessor48'
Event: 173487.849 Thread 0x00000209b6582000 Unloading class 0x0000000800fa7440 'jdk/internal/reflect/GeneratedMethodAccessor47'
Event: 173487.849 Thread 0x00000209b6582000 Unloading class 0x0000000801097440 'jdk/internal/reflect/GeneratedMethodAccessor46'
Event: 181598.833 Thread 0x00000209b6582000 Unloading class 0x0000000800bf9040 'jdk/internal/reflect/GeneratedMethodAccessor101'
Event: 181598.833 Thread 0x00000209b6582000 Unloading class 0x0000000800c83440 'jdk/internal/reflect/GeneratedMethodAccessor88'
Event: 181598.833 Thread 0x00000209b6582000 Unloading class 0x0000000800f19440 'jdk/internal/reflect/GeneratedMethodAccessor82'
Event: 181598.833 Thread 0x00000209b6582000 Unloading class 0x0000000800fa5440 'jdk/internal/reflect/GeneratedConstructorAccessor50'
Event: 181598.833 Thread 0x00000209b6582000 Unloading class 0x0000000801097840 'jdk/internal/reflect/GeneratedConstructorAccessor49'
Event: 181598.833 Thread 0x00000209b6582000 Unloading class 0x0000000800b9a840 'jdk/internal/reflect/GeneratedConstructorAccessor48'
Event: 181598.833 Thread 0x00000209b6582000 Unloading class 0x0000000800fa4040 'jdk/internal/reflect/GeneratedConstructorAccessor47'
Event: 181598.833 Thread 0x00000209b6582000 Unloading class 0x0000000800bffc40 'jdk/internal/reflect/GeneratedConstructorAccessor46'
Event: 181598.833 Thread 0x00000209b6582000 Unloading class 0x0000000801096840 'jdk/internal/reflect/GeneratedMethodAccessor45'

Classes redefined (6 events):
Event: 2435.125 Thread 0x00000209b6582000 redefined class name=CSCI5308.GroupFormationTool.ComputeSurvey.SurveyFormulaController, count=1
Event: 173340.722 Thread 0x00000209b6582000 redefined class name=CSCI5308.GroupFormationTool.ComputeSurvey.SurveyFormulaController, count=1
Event: 173340.722 Thread 0x00000209b6582000 redefined class name=CSCI5308.GroupFormationTool.ComputeSurvey.SurveyFormulaController, count=2
Event: 181822.232 Thread 0x00000209b6582000 redefined class name=CSCI5308.GroupFormationTool.ComputeSurvey.SurveyFormulaController, count=2
Event: 181822.232 Thread 0x00000209b6582000 redefined class name=CSCI5308.GroupFormationTool.ComputeSurvey.SurveyFormulaController, count=3
Event: 181822.232 Thread 0x00000209b6582000 redefined class name=CSCI5308.GroupFormationTool.ComputeSurvey.SurveyFormulaController, count=1

Internal exceptions (20 events):
Event: 2444.546 Thread 0x00000209ba535000 Exception <a 'java/lang/ClassNotFoundException'{0x0000000083b58058}: CSCI5308/GroupFormationTool/Security/SecurityConfigurationCustomizer> (0x0000000083b58058) 
thrown [./open/src/hotspot/share/classfile/systemDictionary.cpp, line 226]
Event: 2444.547 Thread 0x00000209ba535000 Exception <a 'java/lang/ClassNotFoundException'{0x0000000083b6b5e0}: CSCI5308/GroupFormationTool/Security/SecurityConfiguration$$EnhancerBySpringCGLIB$$b20c947eCustomizer> (0x0000000083b6b5e0) 
thrown [./open/src/hotspot/share/classfile/systemDictionary.cpp, line 226]
Event: 2444.548 Thread 0x00000209ba535000 Exception <a 'java/lang/ClassNotFoundException'{0x0000000083b86968}: org/springframework/context/annotation/ConfigurationClassEnhancer$EnhancedConfigurationCustomizer> (0x0000000083b86968) 
thrown [./open/src/hotspot/share/classfile/systemDictionary.cpp, line 226]
Event: 2444.548 Thread 0x00000209ba535000 Exception <a 'java/lang/ClassNotFoundException'{0x0000000083b91be0}: org/springframework/beans/factory/BeanFactoryAwareCustomizer> (0x0000000083b91be0) 
thrown [./open/src/hotspot/share/classfile/systemDictionary.cpp, line 226]
Event: 2444.549 Thread 0x00000209ba535000 Exception <a 'java/lang/ClassNotFoundException'{0x0000000083b9d3a0}: org/springframework/beans/factory/AwareCustomizer> (0x0000000083b9d3a0) 
thrown [./open/src/hotspot/share/classfile/systemDictionary.cpp, line 226]
Event: 2444.549 Thread 0x00000209ba535000 Exception <a 'java/lang/ClassNotFoundException'{0x0000000083baa0e8}: org/springframework/security/config/annotation/web/WebSecurityConfigurerCustomizer> (0x0000000083baa0e8) 
thrown [./open/src/hotspot/share/classfile/systemDictionary.cpp, line 226]
Event: 2444.549 Thread 0x00000209ba535000 Exception <a 'java/lang/ClassNotFoundException'{0x0000000083bb6bf8}: org/springframework/security/config/annotation/SecurityConfigurerCustomizer> (0x0000000083bb6bf8) 
thrown [./open/src/hotspot/share/classfile/systemDictionary.cpp, line 226]
Event: 173341.903 Thread 0x00000209ba530000 Exception <a 'java/lang/InterruptedException'{0x00000000843fc2d0}: sleep interrupted> (0x00000000843fc2d0) 
thrown [./open/src/hotspot/share/prims/jvm.cpp, line 3074]
Event: 173341.988 Thread 0x00000209b8d7c800 Exception <a 'java/io/FileNotFoundException'{0x0000000089ddaf98}> (0x0000000089ddaf98) 
thrown [./open/src/hotspot/share/prims/jni.cpp, line 599]
Event: 173342.376 Thread 0x00000209b8d7c800 Exception <a 'java/io/FileNotFoundException'{0x0000000083be1878}> (0x0000000083be1878) 
thrown [./open/src/hotspot/share/prims/jni.cpp, line 599]
Event: 173342.416 Thread 0x00000209b8d7c800 Exception <a 'java/io/FileNotFoundException'{0x0000000089dd46a0}> (0x0000000089dd46a0) 
thrown [./open/src/hotspot/share/prims/jni.cpp, line 599]
Event: 173342.440 Thread 0x00000209b8d7c800 Exception <a 'java/lang/ClassNotFoundException'{0x0000000089a13778}: java/lang/ObjectCustomizer> (0x0000000089a13778) 
thrown [./open/src/hotspot/share/classfile/systemDictionary.cpp, line 226]
Event: 173342.441 Thread 0x00000209b8d7c800 Exception <a 'java/lang/ClassNotFoundException'{0x0000000089a26090}: org/springframework/security/config/annotation/web/configuration/WebSecurityConfigurerAdapterCustomizer> (0x0000000089a26090) 
thrown [./open/src/hotspot/share/classfile/systemDictionary.cpp, line 226]
Event: 173342.442 Thread 0x00000209b8d7c800 Exception <a 'java/lang/ClassNotFoundException'{0x0000000089a3e4d8}: CSCI5308/GroupFormationTool/Security/SecurityConfigurationCustomizer> (0x0000000089a3e4d8) 
thrown [./open/src/hotspot/share/classfile/systemDictionary.cpp, line 226]
Event: 173342.442 Thread 0x00000209b8d7c800 Exception <a 'java/lang/ClassNotFoundException'{0x0000000089a51a60}: CSCI5308/GroupFormationTool/Security/SecurityConfiguration$$EnhancerBySpringCGLIB$$b20c947eCustomizer> (0x0000000089a51a60) 
thrown [./open/src/hotspot/share/classfile/systemDictionary.cpp, line 226]
Event: 173342.443 Thread 0x00000209b8d7c800 Exception <a 'java/lang/ClassNotFoundException'{0x0000000089a6ce80}: org/springframework/context/annotation/ConfigurationClassEnhancer$EnhancedConfigurationCustomizer> (0x0000000089a6ce80) 
thrown [./open/src/hotspot/share/classfile/systemDictionary.cpp, line 226]
Event: 173342.444 Thread 0x00000209b8d7c800 Exception <a 'java/lang/ClassNotFoundException'{0x0000000089a780f8}: org/springframework/beans/factory/BeanFactoryAwareCustomizer> (0x0000000089a780f8) 
thrown [./open/src/hotspot/share/classfile/systemDictionary.cpp, line 226]
Event: 173342.444 Thread 0x00000209b8d7c800 Exception <a 'java/lang/ClassNotFoundException'{0x0000000089a838b8}: org/springframework/beans/factory/AwareCustomizer> (0x0000000089a838b8) 
thrown [./open/src/hotspot/share/classfile/systemDictionary.cpp, line 226]
Event: 173342.445 Thread 0x00000209b8d7c800 Exception <a 'java/lang/ClassNotFoundException'{0x0000000089a90600}: org/springframework/security/config/annotation/web/WebSecurityConfigurerCustomizer> (0x0000000089a90600) 
thrown [./open/src/hotspot/share/classfile/systemDictionary.cpp, line 226]
Event: 173342.445 Thread 0x00000209b8d7c800 Exception <a 'java/lang/ClassNotFoundException'{0x0000000089a9ce98}: org/springframework/security/config/annotation/SecurityConfigurerCustomizer> (0x0000000089a9ce98) 
thrown [./open/src/hotspot/share/classfile/systemDictionary.cpp, line 226]

Events (20 events):
Event: 174852.489 Executing VM operation: G1Concurrent done
Event: 181438.560 Executing VM operation: G1CollectForAllocation
Event: 181438.561 Executing VM operation: G1CollectForAllocation done
Event: 181598.791 Executing VM operation: G1CollectForAllocation
Event: 181598.795 Executing VM operation: G1CollectForAllocation done
Event: 181598.832 Executing VM operation: G1Concurrent
Event: 181598.837 Executing VM operation: G1Concurrent done
Event: 181598.849 Executing VM operation: G1Concurrent
Event: 181598.850 Executing VM operation: G1Concurrent done
Event: 181760.499 Executing VM operation: G1CollectForAllocation
Event: 181760.502 Executing VM operation: G1CollectForAllocation done
Event: 181768.544 Executing VM operation: G1CollectForAllocation
Event: 181768.554 Executing VM operation: G1CollectForAllocation done
Event: 181822.225 Executing VM operation: RedefineClasses
Event: 181822.242 Executing VM operation: RedefineClasses done
Event: 181822.260 Executing VM operation: ChangeBreakpoints
Event: 181822.261 Executing VM operation: ChangeBreakpoints done
Event: 181822.265 Executing VM operation: ChangeBreakpoints
Event: 181822.266 Executing VM operation: ChangeBreakpoints done
Event: 181822.269 Executing VM operation: ChangeBreakpoints


Dynamic libraries:
0x00007ff6cf410000 - 0x00007ff6cf41f000 	C:\Program Files\Java\jdk-14.0.1\bin\javaw.exe
0x00007ffc182e0000 - 0x00007ffc184d0000 	C:\WINDOWS\SYSTEM32\ntdll.dll
0x00007ffc181e0000 - 0x00007ffc18292000 	C:\WINDOWS\System32\KERNEL32.DLL
0x00007ffc160e0000 - 0x00007ffc16384000 	C:\WINDOWS\System32\KERNELBASE.dll
0x00007ffc15270000 - 0x00007ffc1536a000 	C:\WINDOWS\System32\ucrtbase.dll
0x00007ffbed120000 - 0x00007ffbed138000 	C:\Program Files\Java\jdk-14.0.1\bin\jli.dll
0x00007ffc172d0000 - 0x00007ffc17373000 	C:\WINDOWS\System32\ADVAPI32.dll
0x00007ffc17eb0000 - 0x00007ffc17f4e000 	C:\WINDOWS\System32\msvcrt.dll
0x00007ffc17de0000 - 0x00007ffc17e77000 	C:\WINDOWS\System32\sechost.dll
0x00007ffc16c00000 - 0x00007ffc16d20000 	C:\WINDOWS\System32\RPCRT4.dll
0x00007ffc16820000 - 0x00007ffc169b4000 	C:\WINDOWS\System32\USER32.dll
0x00007ffc15d70000 - 0x00007ffc15d91000 	C:\WINDOWS\System32\win32u.dll
0x00007ffc16f60000 - 0x00007ffc16f86000 	C:\WINDOWS\System32\GDI32.dll
0x00007ffc093e0000 - 0x00007ffc09664000 	C:\WINDOWS\WinSxS\amd64_microsoft.windows.common-controls_6595b64144ccf1df_6.0.18362.900_none_e6beb9d913147d17\COMCTL32.dll
0x00007ffc15df0000 - 0x00007ffc15f85000 	C:\WINDOWS\System32\gdi32full.dll
0x00007ffc16f90000 - 0x00007ffc172c5000 	C:\WINDOWS\System32\combase.dll
0x00007ffc15c80000 - 0x00007ffc15d1e000 	C:\WINDOWS\System32\msvcp_win.dll
0x00007ffc15b50000 - 0x00007ffc15bd0000 	C:\WINDOWS\System32\bcryptPrimitives.dll
0x00007ffc0fd00000 - 0x00007ffc0fd0a000 	C:\WINDOWS\SYSTEM32\VERSION.dll
0x00007ffbec180000 - 0x00007ffbec195000 	C:\Program Files\Java\jdk-14.0.1\bin\VCRUNTIME140.dll
0x00007ffc17e80000 - 0x00007ffc17eae000 	C:\WINDOWS\System32\IMM32.DLL
0x00007ffbe1ea0000 - 0x00007ffbe1f3b000 	C:\Program Files\Java\jdk-14.0.1\bin\msvcp140.dll
0x00007ffbc1fa0000 - 0x00007ffbc2abe000 	C:\Program Files\Java\jdk-14.0.1\bin\server\jvm.dll
0x00007ffc16f50000 - 0x00007ffc16f58000 	C:\WINDOWS\System32\PSAPI.DLL
0x00007ffc12820000 - 0x00007ffc12844000 	C:\WINDOWS\SYSTEM32\WINMM.dll
0x00007ffc127f0000 - 0x00007ffc1281d000 	C:\WINDOWS\SYSTEM32\WINMMBASE.dll
0x00007ffc15da0000 - 0x00007ffc15dea000 	C:\WINDOWS\System32\cfgmgr32.dll
0x00007ffc0e430000 - 0x00007ffc0e439000 	C:\WINDOWS\SYSTEM32\WSOCK32.dll
0x00007ffc175b0000 - 0x00007ffc1761f000 	C:\WINDOWS\System32\WS2_32.dll
0x00007ffc151e0000 - 0x00007ffc151f1000 	C:\WINDOWS\System32\kernel.appcore.dll
0x00007ffc0c7a0000 - 0x00007ffc0c7aa000 	C:\Program Files\Java\jdk-14.0.1\bin\jimage.dll
0x00007ffc13980000 - 0x00007ffc13b74000 	C:\WINDOWS\SYSTEM32\DBGHELP.DLL
0x00007ffc03070000 - 0x00007ffc0309a000 	C:\WINDOWS\SYSTEM32\dbgcore.DLL
0x00007ffbfe430000 - 0x00007ffbfe468000 	C:\Program Files\Java\jdk-14.0.1\bin\jdwp.dll
0x00007ffbe8c10000 - 0x00007ffbe8c35000 	C:\Program Files\Java\jdk-14.0.1\bin\java.dll
0x00007ffc10d30000 - 0x00007ffc10d3e000 	C:\Program Files\Java\jdk-14.0.1\bin\instrument.dll
0x00007ffbf4af0000 - 0x00007ffbf4b06000 	C:\Program Files\Java\jdk-14.0.1\bin\zip.dll
0x00007ffc17680000 - 0x00007ffc17d66000 	C:\WINDOWS\System32\SHELL32.dll
0x00007ffc17fb0000 - 0x00007ffc18059000 	C:\WINDOWS\System32\shcore.dll
0x00007ffc153d0000 - 0x00007ffc15b50000 	C:\WINDOWS\System32\windows.storage.dll
0x00007ffc151b0000 - 0x00007ffc151d3000 	C:\WINDOWS\System32\profapi.dll
0x00007ffc15220000 - 0x00007ffc1526a000 	C:\WINDOWS\System32\powrprof.dll
0x00007ffc151a0000 - 0x00007ffc151b0000 	C:\WINDOWS\System32\UMPDC.dll
0x00007ffc17d70000 - 0x00007ffc17dc2000 	C:\WINDOWS\System32\shlwapi.dll
0x00007ffc15d50000 - 0x00007ffc15d67000 	C:\WINDOWS\System32\cryptsp.dll
0x00007ffc080a0000 - 0x00007ffc080ab000 	C:\Program Files\Java\jdk-14.0.1\bin\dt_socket.dll
0x00007ffc146c0000 - 0x00007ffc146fa000 	C:\WINDOWS\SYSTEM32\IPHLPAPI.DLL
0x00007ffc149b0000 - 0x00007ffc14a17000 	C:\WINDOWS\system32\mswsock.dll
0x00007ffc14700000 - 0x00007ffc147cb000 	C:\WINDOWS\SYSTEM32\DNSAPI.dll
0x00007ffc17dd0000 - 0x00007ffc17dd8000 	C:\WINDOWS\System32\NSI.dll
0x00007ffc0c9f0000 - 0x00007ffc0c9fa000 	C:\Windows\System32\rasadhlp.dll
0x00007ffc0c870000 - 0x00007ffc0c8e7000 	C:\WINDOWS\System32\fwpuclnt.dll
0x00007ffc15d20000 - 0x00007ffc15d46000 	C:\WINDOWS\System32\bcrypt.dll
0x00007ffbf46f0000 - 0x00007ffbf4709000 	C:\Program Files\Java\jdk-14.0.1\bin\net.dll
0x00007ffc0cc80000 - 0x00007ffc0cd70000 	C:\WINDOWS\SYSTEM32\WINHTTP.dll
0x00007ffbf2590000 - 0x00007ffbf25a2000 	C:\Program Files\Java\jdk-14.0.1\bin\nio.dll
0x00007ffc10c60000 - 0x00007ffc10c69000 	C:\Program Files\Java\jdk-14.0.1\bin\management.dll
0x00007ffc09cf0000 - 0x00007ffc09cfb000 	C:\Program Files\Java\jdk-14.0.1\bin\management_ext.dll
0x00007ffbfe140000 - 0x00007ffbfe156000 	C:\WINDOWS\system32\napinsp.dll
0x00007ffbfe120000 - 0x00007ffbfe13a000 	C:\WINDOWS\system32\pnrpnsp.dll
0x00007ffbfe110000 - 0x00007ffbfe11e000 	C:\WINDOWS\System32\winrnr.dll
0x00007ffc10b90000 - 0x00007ffc10bac000 	C:\WINDOWS\system32\NLAapi.dll
0x00007ffbf5770000 - 0x00007ffbf5785000 	C:\WINDOWS\system32\wshbth.dll
0x00007ffc14520000 - 0x00007ffc14553000 	C:\WINDOWS\system32\rsaenh.dll
0x00007ffc150c0000 - 0x00007ffc150e5000 	C:\WINDOWS\SYSTEM32\USERENV.dll
0x00007ffc14b80000 - 0x00007ffc14b8c000 	C:\WINDOWS\SYSTEM32\CRYPTBASE.dll
0x00007ffc0c780000 - 0x00007ffc0c796000 	C:\WINDOWS\SYSTEM32\dhcpcsvc6.DLL
0x00007ffc0e5f0000 - 0x00007ffc0e60c000 	C:\WINDOWS\SYSTEM32\dhcpcsvc.DLL

dbghelp: loaded successfully - version: 4.0.5 - missing functions: none
symbol engine: initialized successfully - sym options: 0x614 - pdb path: .;C:\Program Files\Java\jdk-14.0.1\bin;C:\WINDOWS\SYSTEM32;C:\WINDOWS\WinSxS\amd64_microsoft.windows.common-controls_6595b64144ccf1df_6.0.18362.900_none_e6beb9d913147d17;C:\Program Files\Java\jdk-14.0.1\bin\server

VM Arguments:
jvm_args: -agentlib:jdwp=transport=dt_socket,suspend=y,address=localhost:50625 -Dcom.sun.management.jmxremote -Dcom.sun.management.jmxremote.port=50622 -Dcom.sun.management.jmxremote.authenticate=false -Dcom.sun.management.jmxremote.ssl=false -Djava.rmi.server.hostname=localhost -Dspring.jmx.enabled=true -Dspring.application.admin.enabled=true -Xverify:none -XX:TieredStopAtLevel=1 -Dspring.boot.project.name=GroupFormationTool -javaagent:C:\Coursework\AdvSDC\sts-4.6.1.RELEASE\configuration\org.eclipse.osgi\245\0\.cp\lib\javaagent-shaded.jar -Dfile.encoding=Cp1252 
java_command: CSCI5308.GroupFormationTool.GroupFormationToolApplication --spring.output.ansi.enabled=always
java_class_path (initial): C:\Coursework\AdvSDC\Project\Milestone2\group7\bin\main;C:\Users\Ryan\.gradle\caches\modules-2\files-2.1\com.opencsv\opencsv\5.1\4f70102f489ccb029da45816a10eb89e65c53af4\opencsv-5.1.jar;C:\Users\Ryan\.gradle\caches\modules-2\files-2.1\org.springframework.boot\spring-boot-starter-mail\2.2.4.RELEASE\881d5ba32c64844a9d1235110293594da3d4b037\spring-boot-starter-mail-2.2.4.RELEASE.jar;C:\Users\Ryan\.gradle\caches\modules-2\files-2.1\org.springframework.boot\spring-boot-starter-thymeleaf\2.2.4.RELEASE\168d71302f3227702e8a2d74841136c6e0814d81\spring-boot-starter-thymeleaf-2.2.4.RELEASE.jar;C:\Users\Ryan\.gradle\caches\modules-2\files-2.1\org.springframework.boot\spring-boot-starter-web\2.2.4.RELEASE\ec75d01d212b5229c16d872fb127744c0ed46ed8\spring-boot-starter-web-2.2.4.RELEASE.jar;C:\Users\Ryan\.gradle\caches\modules-2\files-2.1\org.springframework.boot\spring-boot-starter-security\2.2.4.RELEASE\6ae84ac22148368eca716c64424e2f5d9db7a156\spring-boot-starter-security-2.2.4.RELEASE.jar;C:\Users\Ryan\.gradle\caches\modules-2\files-2.1\org.thymeleaf.extras\thymeleaf-extras-springsecurity5\3.0.4.RELEASE\88bb10bf73ce285208dd848e8eb17f897ebb02d4\thymeleaf-extras-springsecurity5-3.0.4.RELEASE.jar;C:\Users\Ryan\.gradle\caches\modules-2\files-2.1\org.springframework.session\spring-session-core\2.2.0.RELEASE\db4b9996e88d6d90b751a3fb7b423b0f8304cc13\spring-session-core-2.2.0.RELEASE.jar;C:\Users\Ryan\.gradle\caches\modules-2\files-2.1\org.apache.commons\commons-text\1.8\879a6bde4c0537a25504c72ec7a94ba4099f469c\commons-text-1.8.jar;C:\Users\Ryan\.gradle\caches\modules-2\files-2.1\org.apache.commons\commons-lang3\3.9\122c7cee69b53ed4a7681c03d4ee4c0e2765da5\commons-lang3-3.9.jar;C:\Users\Ryan\.gradle\caches\modules-2\files-2.1\commons-beanutils\commons-beanutils\1.9.4\d52b9abcd97f38c81342bb7e7ae1eee9b73cba51\commons-beanutils-1.9.4.jar;C:\Users\Ryan\.gradle\caches\modules-2\files-2.1\org.apache.commons\commons-collections4\4.4\62ebe7544cb7164d87e0637a2a6a2bdc98
Launcher Type: SUN_STANDARD

[Global flags]
     intx CICompilerCount                          = 4                                         {product} {ergonomic}
     uint ConcGCThreads                            = 2                                         {product} {ergonomic}
     uint G1ConcRefinementThreads                  = 8                                         {product} {ergonomic}
   size_t G1HeapRegionSize                         = 1048576                                   {product} {ergonomic}
    uintx GCDrainStackTargetSize                   = 64                                        {product} {ergonomic}
   size_t InitialHeapSize                          = 134217728                                 {product} {ergonomic}
     bool ManagementServer                         = true                                      {product} {command line}
   size_t MarkStackSize                            = 4194304                                   {product} {ergonomic}
   size_t MaxHeapSize                              = 2116026368                                {product} {ergonomic}
   size_t MaxNewSize                               = 1268776960                                {product} {ergonomic}
   size_t MinHeapDeltaBytes                        = 1048576                                   {product} {ergonomic}
   size_t MinHeapSize                              = 8388608                                   {product} {ergonomic}
    uintx NonNMethodCodeHeapSize                   = 7549744                                {pd product} {ergonomic}
    uintx NonProfiledCodeHeapSize                  = 244108496                              {pd product} {ergonomic}
    uintx ProfiledCodeHeapSize                     = 0                                      {pd product} {ergonomic}
    uintx ReservedCodeCacheSize                    = 251658240                              {pd product} {ergonomic}
     bool SegmentedCodeCache                       = true                                      {product} {ergonomic}
   size_t SoftMaxHeapSize                          = 2116026368                             {manageable} {ergonomic}
     intx TieredStopAtLevel                        = 1                                         {product} {command line}
     bool UseCompressedClassPointers               = true                                 {lp64_product} {ergonomic}
     bool UseCompressedOops                        = true                                 {lp64_product} {ergonomic}
     bool UseG1GC                                  = true                                      {product} {ergonomic}
     bool UseLargePagesIndividualAllocation        = false                                  {pd product} {ergonomic}

Logging:
Log output configuration:
 #0: stdout all=warning uptime,level,tags
 #1: stderr all=off uptime,level,tags

Environment Variables:
PATH=C:/Program Files/Java/jdk-14.0.1/bin/server;C:/Program Files/Java/jdk-14.0.1/bin;C:\Windows\system32;C:\Windows;C:\Windows\System32\Wbem;C:\Windows\System32\WindowsPowerShell\v1.0\;C:\Windows\System32\OpenSSH\;C:\Program Files (x86)\NVIDIA Corporation\PhysX\Common;C:\Program Files\NVIDIA Corporation\NVIDIA NvDLISR;C:\WINDOWS\system32;C:\WINDOWS;C:\WINDOWS\System32\Wbem;C:\WINDOWS\System32\WindowsPowerShell\v1.0\;C:\WINDOWS\System32\OpenSSH\;C:\Program Files (x86)\Java\jre1.8.0_251\bin;C:\Program Files\nodejs\;C:\Program Files\Git\cmd;C:\Gradle\gradle-6.0-bin\gradle-6.0\bin;C:\Program Files\Java\jdk-14.0.1\bin;C:\Users\Ryan\AppData\Local\Programs\Microsoft VS Code\bin;C:\Users\Ryan\AppData\Roaming\npm;%USERPROFILE%\AppData\Local\Microsoft\WindowsApps;;C:\Coursework\AdvSDC\sts-4.6.1.RELEASE;
USERNAME=Ryan
OS=Windows_NT
PROCESSOR_IDENTIFIER=Intel64 Family 6 Model 158 Stepping 10, GenuineIntel



---------------  S Y S T E M  ---------------

OS: Windows 10 , 64 bit Build 18362 (10.0.18362.900)
OS uptime: 26 days 1:53 hours

CPU:total 8 (initial active 8) (4 cores per cpu, 2 threads per core) family 6 model 158 stepping 10, cmov, cx8, fxsr, mmx, sse, sse2, sse3, ssse3, sse4.1, sse4.2, popcnt, avx, avx2, aes, clmul, erms, 3dnowpref, lzcnt, ht, tsc, tscinvbit, bmi1, bmi2, adx, fma

Memory: 4k page, system-wide physical 8066M (1607M free)
TotalPageFile size 15766M (AvailPageFile size 4947M)
current process WorkingSet (physical memory assigned to process): 151M, peak: 161M
current process commit charge ("private bytes"): 206M, peak: 249M

vm_info: Java HotSpot(TM) 64-Bit Server VM (14.0.1+7) for windows-amd64 JRE (14.0.1+7), built on Mar  5 2020 10:30:14 by "mach5one" with MS VC++ 15.9 (VS2017)

END.
